<?xml version="1.0" encoding="UTF-8"?>
<testsuite xmlns:xsi="http://www.w3.org/2001/XMLSchema-instance" xsi:noNamespaceSchemaLocation="https://maven.apache.org/surefire/maven-surefire-plugin/xsd/surefire-test-report.xsd" name="TestSuite" time="5.744" tests="4" errors="0" skipped="0" failures="0">
  <properties>
    <property name="sun.desktop" value="windows"/>
    <property name="awt.toolkit" value="sun.awt.windows.WToolkit"/>
    <property name="file.encoding.pkg" value="sun.io"/>
    <property name="java.specification.version" value="1.8"/>
    <property name="sun.cpu.isalist" value="amd64"/>
    <property name="sun.jnu.encoding" value="Cp1252"/>
    <property name="java.class.path" value="C:\Users\vtorresc\Desktop\proyectos\GiDP\gidp-eva-infobip\target\test-classes;C:\Users\vtorresc\Desktop\proyectos\GiDP\gidp-eva-infobip\target\classes;C:\Users\vtorresc\.m2\repository\com\everis\eva\eva-starter-channel\3.2.2.0\eva-starter-channel-3.2.2.0.jar;C:\Users\vtorresc\.m2\repository\com\everis\eva\eva-starter-jpa\3.2.2.0\eva-starter-jpa-3.2.2.0.jar;C:\Users\vtorresc\.m2\repository\org\apache\tomcat\embed\tomcat-embed-core\9.0.31\tomcat-embed-core-9.0.31.jar;C:\Users\vtorresc\.m2\repository\org\apache\tomcat\tomcat-annotations-api\9.0.31\tomcat-annotations-api-9.0.31.jar;C:\Users\vtorresc\.m2\repository\org\slf4j\slf4j-simple\1.7.30\slf4j-simple-1.7.30.jar;C:\Users\vtorresc\.m2\repository\org\slf4j\slf4j-api\1.7.30\slf4j-api-1.7.30.jar;C:\Users\vtorresc\.m2\repository\xalan\xalan\2.7.2\xalan-2.7.2.jar;C:\Users\vtorresc\.m2\repository\xalan\serializer\2.7.2\serializer-2.7.2.jar;C:\Users\vtorresc\.m2\repository\commons-fileupload\commons-fileupload\1.4\commons-fileupload-1.4.jar;C:\Users\vtorresc\.m2\repository\commons-io\commons-io\2.2\commons-io-2.2.jar;C:\Users\vtorresc\.m2\repository\org\apache\xmlgraphics\batik-css\1.12\batik-css-1.12.jar;C:\Users\vtorresc\.m2\repository\org\apache\xmlgraphics\batik-util\1.12\batik-util-1.12.jar;C:\Users\vtorresc\.m2\repository\org\apache\xmlgraphics\batik-constants\1.12\batik-constants-1.12.jar;C:\Users\vtorresc\.m2\repository\org\apache\xmlgraphics\batik-i18n\1.12\batik-i18n-1.12.jar;C:\Users\vtorresc\.m2\repository\org\apache\xmlgraphics\xmlgraphics-commons\2.4\xmlgraphics-commons-2.4.jar;C:\Users\vtorresc\.m2\repository\commons-logging\commons-logging\1.0.4\commons-logging-1.0.4.jar;C:\Users\vtorresc\.m2\repository\xml-apis\xml-apis-ext\1.3.04\xml-apis-ext-1.3.04.jar;C:\Users\vtorresc\.m2\repository\org\apache\xmlgraphics\batik-ext\1.9.1\batik-ext-1.9.1.jar;C:\Users\vtorresc\.m2\repository\org\springframework\boot\spring-boot-starter-web\2.1.13.RELEASE\spring-boot-starter-web-2.1.13.RELEASE.jar;C:\Users\vtorresc\.m2\repository\org\springframework\boot\spring-boot-starter\2.1.13.RELEASE\spring-boot-starter-2.1.13.RELEASE.jar;C:\Users\vtorresc\.m2\repository\org\springframework\boot\spring-boot\2.1.13.RELEASE\spring-boot-2.1.13.RELEASE.jar;C:\Users\vtorresc\.m2\repository\org\springframework\boot\spring-boot-autoconfigure\2.1.13.RELEASE\spring-boot-autoconfigure-2.1.13.RELEASE.jar;C:\Users\vtorresc\.m2\repository\org\springframework\boot\spring-boot-starter-logging\2.1.13.RELEASE\spring-boot-starter-logging-2.1.13.RELEASE.jar;C:\Users\vtorresc\.m2\repository\org\apache\logging\log4j\log4j-to-slf4j\2.11.2\log4j-to-slf4j-2.11.2.jar;C:\Users\vtorresc\.m2\repository\org\apache\logging\log4j\log4j-api\2.11.2\log4j-api-2.11.2.jar;C:\Users\vtorresc\.m2\repository\org\slf4j\jul-to-slf4j\1.7.30\jul-to-slf4j-1.7.30.jar;C:\Users\vtorresc\.m2\repository\org\yaml\snakeyaml\1.23\snakeyaml-1.23.jar;C:\Users\vtorresc\.m2\repository\org\springframework\boot\spring-boot-starter-json\2.1.13.RELEASE\spring-boot-starter-json-2.1.13.RELEASE.jar;C:\Users\vtorresc\.m2\repository\com\fasterxml\jackson\datatype\jackson-datatype-jdk8\2.9.10\jackson-datatype-jdk8-2.9.10.jar;C:\Users\vtorresc\.m2\repository\com\fasterxml\jackson\datatype\jackson-datatype-jsr310\2.9.10\jackson-datatype-jsr310-2.9.10.jar;C:\Users\vtorresc\.m2\repository\com\fasterxml\jackson\module\jackson-module-parameter-names\2.9.10\jackson-module-parameter-names-2.9.10.jar;C:\Users\vtorresc\.m2\repository\org\springframework\boot\spring-boot-starter-tomcat\2.1.13.RELEASE\spring-boot-starter-tomcat-2.1.13.RELEASE.jar;C:\Users\vtorresc\.m2\repository\org\apache\tomcat\embed\tomcat-embed-el\9.0.31\tomcat-embed-el-9.0.31.jar;C:\Users\vtorresc\.m2\repository\org\apache\tomcat\embed\tomcat-embed-websocket\9.0.31\tomcat-embed-websocket-9.0.31.jar;C:\Users\vtorresc\.m2\repository\org\hibernate\validator\hibernate-validator\6.0.18.Final\hibernate-validator-6.0.18.Final.jar;C:\Users\vtorresc\.m2\repository\javax\validation\validation-api\2.0.1.Final\validation-api-2.0.1.Final.jar;C:\Users\vtorresc\.m2\repository\org\jboss\logging\jboss-logging\3.3.3.Final\jboss-logging-3.3.3.Final.jar;C:\Users\vtorresc\.m2\repository\org\springframework\spring-web\5.1.14.RELEASE\spring-web-5.1.14.RELEASE.jar;C:\Users\vtorresc\.m2\repository\org\springframework\spring-beans\5.1.14.RELEASE\spring-beans-5.1.14.RELEASE.jar;C:\Users\vtorresc\.m2\repository\org\springframework\spring-webmvc\5.1.14.RELEASE\spring-webmvc-5.1.14.RELEASE.jar;C:\Users\vtorresc\.m2\repository\org\springframework\spring-aop\5.1.14.RELEASE\spring-aop-5.1.14.RELEASE.jar;C:\Users\vtorresc\.m2\repository\org\springframework\spring-context\5.1.14.RELEASE\spring-context-5.1.14.RELEASE.jar;C:\Users\vtorresc\.m2\repository\org\springframework\spring-expression\5.1.14.RELEASE\spring-expression-5.1.14.RELEASE.jar;C:\Users\vtorresc\.m2\repository\org\springframework\boot\spring-boot-starter-test\2.1.13.RELEASE\spring-boot-starter-test-2.1.13.RELEASE.jar;C:\Users\vtorresc\.m2\repository\org\springframework\boot\spring-boot-test\2.1.13.RELEASE\spring-boot-test-2.1.13.RELEASE.jar;C:\Users\vtorresc\.m2\repository\org\springframework\boot\spring-boot-test-autoconfigure\2.1.13.RELEASE\spring-boot-test-autoconfigure-2.1.13.RELEASE.jar;C:\Users\vtorresc\.m2\repository\com\jayway\jsonpath\json-path\2.4.0\json-path-2.4.0.jar;C:\Users\vtorresc\.m2\repository\net\minidev\json-smart\2.3\json-smart-2.3.jar;C:\Users\vtorresc\.m2\repository\net\minidev\accessors-smart\1.2\accessors-smart-1.2.jar;C:\Users\vtorresc\.m2\repository\org\ow2\asm\asm\5.0.4\asm-5.0.4.jar;C:\Users\vtorresc\.m2\repository\org\assertj\assertj-core\3.11.1\assertj-core-3.11.1.jar;C:\Users\vtorresc\.m2\repository\org\mockito\mockito-core\2.23.4\mockito-core-2.23.4.jar;C:\Users\vtorresc\.m2\repository\net\bytebuddy\byte-buddy\1.9.16\byte-buddy-1.9.16.jar;C:\Users\vtorresc\.m2\repository\net\bytebuddy\byte-buddy-agent\1.9.16\byte-buddy-agent-1.9.16.jar;C:\Users\vtorresc\.m2\repository\org\objenesis\objenesis\2.6\objenesis-2.6.jar;C:\Users\vtorresc\.m2\repository\org\hamcrest\hamcrest-core\1.3\hamcrest-core-1.3.jar;C:\Users\vtorresc\.m2\repository\org\hamcrest\hamcrest-library\1.3\hamcrest-library-1.3.jar;C:\Users\vtorresc\.m2\repository\org\skyscreamer\jsonassert\1.5.0\jsonassert-1.5.0.jar;C:\Users\vtorresc\.m2\repository\com\vaadin\external\google\android-json\0.0.20131108.vaadin1\android-json-0.0.20131108.vaadin1.jar;C:\Users\vtorresc\.m2\repository\org\springframework\spring-core\5.1.14.RELEASE\spring-core-5.1.14.RELEASE.jar;C:\Users\vtorresc\.m2\repository\org\springframework\spring-jcl\5.1.14.RELEASE\spring-jcl-5.1.14.RELEASE.jar;C:\Users\vtorresc\.m2\repository\org\springframework\spring-test\5.1.14.RELEASE\spring-test-5.1.14.RELEASE.jar;C:\Users\vtorresc\.m2\repository\org\xmlunit\xmlunit-core\2.6.3\xmlunit-core-2.6.3.jar;C:\Users\vtorresc\.m2\repository\org\springframework\boot\spring-boot-starter-jdbc\2.1.13.RELEASE\spring-boot-starter-jdbc-2.1.13.RELEASE.jar;C:\Users\vtorresc\.m2\repository\com\zaxxer\HikariCP\3.2.0\HikariCP-3.2.0.jar;C:\Users\vtorresc\.m2\repository\org\springframework\spring-jdbc\5.1.14.RELEASE\spring-jdbc-5.1.14.RELEASE.jar;C:\Users\vtorresc\.m2\repository\org\springframework\spring-tx\5.1.14.RELEASE\spring-tx-5.1.14.RELEASE.jar;C:\Users\vtorresc\.m2\repository\org\springframework\boot\spring-boot-starter-actuator\2.1.13.RELEASE\spring-boot-starter-actuator-2.1.13.RELEASE.jar;C:\Users\vtorresc\.m2\repository\org\springframework\boot\spring-boot-actuator-autoconfigure\2.1.13.RELEASE\spring-boot-actuator-autoconfigure-2.1.13.RELEASE.jar;C:\Users\vtorresc\.m2\repository\org\springframework\boot\spring-boot-actuator\2.1.13.RELEASE\spring-boot-actuator-2.1.13.RELEASE.jar;C:\Users\vtorresc\.m2\repository\io\micrometer\micrometer-core\1.1.10\micrometer-core-1.1.10.jar;C:\Users\vtorresc\.m2\repository\org\hdrhistogram\HdrHistogram\2.1.9\HdrHistogram-2.1.9.jar;C:\Users\vtorresc\.m2\repository\org\latencyutils\LatencyUtils\2.0.3\LatencyUtils-2.0.3.jar;C:\Users\vtorresc\.m2\repository\io\opentracing\contrib\opentracing-spring-jaeger-cloud-starter\1.0.3\opentracing-spring-jaeger-cloud-starter-1.0.3.jar;C:\Users\vtorresc\.m2\repository\io\opentracing\contrib\opentracing-spring-jaeger-starter\1.0.3\opentracing-spring-jaeger-starter-1.0.3.jar;C:\Users\vtorresc\.m2\repository\io\opentracing\contrib\opentracing-spring-tracer-configuration-starter\0.1.0\opentracing-spring-tracer-configuration-starter-0.1.0.jar;C:\Users\vtorresc\.m2\repository\io\opentracing\opentracing-noop\0.31.0\opentracing-noop-0.31.0.jar;C:\Users\vtorresc\.m2\repository\io\opentracing\opentracing-util\0.31.0\opentracing-util-0.31.0.jar;C:\Users\vtorresc\.m2\repository\io\opentracing\contrib\opentracing-tracerresolver\0.1.4\opentracing-tracerresolver-0.1.4.jar;C:\Users\vtorresc\.m2\repository\io\opentracing\opentracing-api\0.31.0\opentracing-api-0.31.0.jar;C:\Users\vtorresc\.m2\repository\io\jaegertracing\jaeger-client\0.32.0\jaeger-client-0.32.0.jar;C:\Users\vtorresc\.m2\repository\io\jaegertracing\jaeger-thrift\0.32.0\jaeger-thrift-0.32.0.jar;C:\Users\vtorresc\.m2\repository\org\apache\thrift\libthrift\0.11.0\libthrift-0.11.0.jar;C:\Users\vtorresc\.m2\repository\io\jaegertracing\jaeger-core\0.32.0\jaeger-core-0.32.0.jar;C:\Users\vtorresc\.m2\repository\io\jaegertracing\jaeger-tracerresolver\0.32.0\jaeger-tracerresolver-0.32.0.jar;C:\Users\vtorresc\.m2\repository\io\opentracing\contrib\opentracing-spring-cloud-starter\0.2.2\opentracing-spring-cloud-starter-0.2.2.jar;C:\Users\vtorresc\.m2\repository\io\opentracing\contrib\opentracing-spring-cloud-core\0.2.2\opentracing-spring-cloud-core-0.2.2.jar;C:\Users\vtorresc\.m2\repository\io\opentracing\contrib\opentracing-concurrent\0.1.0\opentracing-concurrent-0.1.0.jar;C:\Users\vtorresc\.m2\repository\io\opentracing\contrib\opentracing-spring-web-starter\0.3.4\opentracing-spring-web-starter-0.3.4.jar;C:\Users\vtorresc\.m2\repository\io\opentracing\contrib\opentracing-spring-web\0.3.4\opentracing-spring-web-0.3.4.jar;C:\Users\vtorresc\.m2\repository\io\opentracing\contrib\opentracing-web-servlet-filter\0.2.0\opentracing-web-servlet-filter-0.2.0.jar;C:\Users\vtorresc\.m2\repository\io\opentracing\contrib\opentracing-spring-messaging-starter\0.0.5\opentracing-spring-messaging-starter-0.0.5.jar;C:\Users\vtorresc\.m2\repository\io\opentracing\contrib\opentracing-spring-messaging\0.0.5\opentracing-spring-messaging-0.0.5.jar;C:\Users\vtorresc\.m2\repository\io\opentracing\contrib\opentracing-spring-rabbitmq-starter\0.1.0\opentracing-spring-rabbitmq-starter-0.1.0.jar;C:\Users\vtorresc\.m2\repository\io\opentracing\contrib\opentracing-spring-rabbitmq\0.1.0\opentracing-spring-rabbitmq-0.1.0.jar;C:\Users\vtorresc\.m2\repository\io\opentracing\contrib\opentracing-spring-cloud-jdbc-starter\0.2.2\opentracing-spring-cloud-jdbc-starter-0.2.2.jar;C:\Users\vtorresc\.m2\repository\io\opentracing\contrib\opentracing-jdbc\0.0.9\opentracing-jdbc-0.0.9.jar;C:\Users\vtorresc\.m2\repository\io\opentracing\contrib\opentracing-spring-cloud-jms-starter\0.2.2\opentracing-spring-cloud-jms-starter-0.2.2.jar;C:\Users\vtorresc\.m2\repository\io\opentracing\contrib\opentracing-jms-spring\0.0.10\opentracing-jms-spring-0.0.10.jar;C:\Users\vtorresc\.m2\repository\io\opentracing\contrib\opentracing-jms-1\0.0.10\opentracing-jms-1-0.0.10.jar;C:\Users\vtorresc\.m2\repository\io\opentracing\contrib\opentracing-jms-common\0.0.10\opentracing-jms-common-0.0.10.jar;C:\Users\vtorresc\.m2\repository\io\opentracing\contrib\opentracing-spring-cloud-feign-starter\0.2.2\opentracing-spring-cloud-feign-starter-0.2.2.jar;C:\Users\vtorresc\.m2\repository\io\github\openfeign\opentracing\feign-opentracing\0.1.0\feign-opentracing-0.1.0.jar;C:\Users\vtorresc\.m2\repository\io\github\openfeign\opentracing\feign-hystrix-opentracing\0.1.0\feign-hystrix-opentracing-0.1.0.jar;C:\Users\vtorresc\.m2\repository\io\opentracing\contrib\opentracing-spring-cloud-hystrix-starter\0.2.2\opentracing-spring-cloud-hystrix-starter-0.2.2.jar;C:\Users\vtorresc\.m2\repository\io\opentracing\contrib\opentracing-spring-cloud-rxjava-starter\0.2.2\opentracing-spring-cloud-rxjava-starter-0.2.2.jar;C:\Users\vtorresc\.m2\repository\io\opentracing\contrib\opentracing-rxjava-1\0.0.9\opentracing-rxjava-1-0.0.9.jar;C:\Users\vtorresc\.m2\repository\io\opentracing\contrib\opentracing-spring-cloud-redis-starter\0.2.2\opentracing-spring-cloud-redis-starter-0.2.2.jar;C:\Users\vtorresc\.m2\repository\io\opentracing\contrib\opentracing-redis-spring\0.0.10\opentracing-redis-spring-0.0.10.jar;C:\Users\vtorresc\.m2\repository\io\opentracing\contrib\opentracing-spring-cloud-mongo-starter\0.2.2\opentracing-spring-cloud-mongo-starter-0.2.2.jar;C:\Users\vtorresc\.m2\repository\io\opentracing\contrib\opentracing-mongo-driver\0.0.6\opentracing-mongo-driver-0.0.6.jar;C:\Users\vtorresc\.m2\repository\io\opentracing\contrib\opentracing-spring-cloud-websocket-starter\0.2.2\opentracing-spring-cloud-websocket-starter-0.2.2.jar;C:\Users\vtorresc\.m2\repository\io\opentracing\contrib\opentracing-spring-cloud-zuul-starter\0.2.2\opentracing-spring-cloud-zuul-starter-0.2.2.jar;C:\Users\vtorresc\.m2\repository\com\google\code\gson\gson\2.8.6\gson-2.8.6.jar;C:\Users\vtorresc\.m2\repository\commons-lang\commons-lang\2.6\commons-lang-2.6.jar;C:\Users\vtorresc\.m2\repository\org\apache\velocity\velocity\1.7\velocity-1.7.jar;C:\Users\vtorresc\.m2\repository\org\springframework\boot\spring-boot-starter-data-redis\2.1.13.RELEASE\spring-boot-starter-data-redis-2.1.13.RELEASE.jar;C:\Users\vtorresc\.m2\repository\org\springframework\data\spring-data-redis\2.1.16.RELEASE\spring-data-redis-2.1.16.RELEASE.jar;C:\Users\vtorresc\.m2\repository\org\springframework\data\spring-data-keyvalue\2.1.16.RELEASE\spring-data-keyvalue-2.1.16.RELEASE.jar;C:\Users\vtorresc\.m2\repository\org\springframework\spring-oxm\5.1.14.RELEASE\spring-oxm-5.1.14.RELEASE.jar;C:\Users\vtorresc\.m2\repository\org\springframework\spring-context-support\5.1.14.RELEASE\spring-context-support-5.1.14.RELEASE.jar;C:\Users\vtorresc\.m2\repository\io\lettuce\lettuce-core\5.1.8.RELEASE\lettuce-core-5.1.8.RELEASE.jar;C:\Users\vtorresc\.m2\repository\io\netty\netty-common\4.1.45.Final\netty-common-4.1.45.Final.jar;C:\Users\vtorresc\.m2\repository\io\netty\netty-handler\4.1.45.Final\netty-handler-4.1.45.Final.jar;C:\Users\vtorresc\.m2\repository\io\netty\netty-buffer\4.1.45.Final\netty-buffer-4.1.45.Final.jar;C:\Users\vtorresc\.m2\repository\io\netty\netty-codec\4.1.45.Final\netty-codec-4.1.45.Final.jar;C:\Users\vtorresc\.m2\repository\io\netty\netty-transport\4.1.45.Final\netty-transport-4.1.45.Final.jar;C:\Users\vtorresc\.m2\repository\io\netty\netty-resolver\4.1.45.Final\netty-resolver-4.1.45.Final.jar;C:\Users\vtorresc\.m2\repository\io\projectreactor\reactor-core\3.2.15.RELEASE\reactor-core-3.2.15.RELEASE.jar;C:\Users\vtorresc\.m2\repository\org\reactivestreams\reactive-streams\1.0.3\reactive-streams-1.0.3.jar;C:\Users\vtorresc\.m2\repository\org\testng\testng\6.14.3\testng-6.14.3.jar;C:\Users\vtorresc\.m2\repository\com\beust\jcommander\1.72\jcommander-1.72.jar;C:\Users\vtorresc\.m2\repository\org\apache-extras\beanshell\bsh\2.0b6\bsh-2.0b6.jar;C:\Users\vtorresc\.m2\repository\org\mockito\mockito-all\1.10.19\mockito-all-1.10.19.jar;C:\Users\vtorresc\.m2\repository\org\mariadb\jdbc\mariadb-java-client\2.3.0\mariadb-java-client-2.3.0.jar;C:\Users\vtorresc\.m2\repository\commons-collections\commons-collections\3.2.2\commons-collections-3.2.2.jar;C:\Users\vtorresc\.m2\repository\org\jvnet\annotation-mock-builder\annotation-mock-builder\1.1\annotation-mock-builder-1.1.jar;C:\Users\vtorresc\.m2\repository\com\sun\codemodel\codemodel\2.0\codemodel-2.0.jar;C:\Users\vtorresc\.m2\repository\org\apache\maven\maven-plugin-api\2.0\maven-plugin-api-2.0.jar;C:\Users\vtorresc\.m2\repository\org\apache\maven\maven-artifact\2.0\maven-artifact-2.0.jar;C:\Users\vtorresc\.m2\repository\io\springfox\springfox-swagger2\2.9.2\springfox-swagger2-2.9.2.jar;C:\Users\vtorresc\.m2\repository\io\swagger\swagger-annotations\1.5.20\swagger-annotations-1.5.20.jar;C:\Users\vtorresc\.m2\repository\io\swagger\swagger-models\1.5.20\swagger-models-1.5.20.jar;C:\Users\vtorresc\.m2\repository\io\springfox\springfox-spi\2.9.2\springfox-spi-2.9.2.jar;C:\Users\vtorresc\.m2\repository\io\springfox\springfox-core\2.9.2\springfox-core-2.9.2.jar;C:\Users\vtorresc\.m2\repository\io\springfox\springfox-schema\2.9.2\springfox-schema-2.9.2.jar;C:\Users\vtorresc\.m2\repository\io\springfox\springfox-swagger-common\2.9.2\springfox-swagger-common-2.9.2.jar;C:\Users\vtorresc\.m2\repository\io\springfox\springfox-spring-web\2.9.2\springfox-spring-web-2.9.2.jar;C:\Users\vtorresc\.m2\repository\com\google\guava\guava\20.0\guava-20.0.jar;C:\Users\vtorresc\.m2\repository\com\fasterxml\classmate\1.4.0\classmate-1.4.0.jar;C:\Users\vtorresc\.m2\repository\org\springframework\plugin\spring-plugin-core\1.2.0.RELEASE\spring-plugin-core-1.2.0.RELEASE.jar;C:\Users\vtorresc\.m2\repository\org\springframework\plugin\spring-plugin-metadata\1.2.0.RELEASE\spring-plugin-metadata-1.2.0.RELEASE.jar;C:\Users\vtorresc\.m2\repository\org\mapstruct\mapstruct\1.2.0.Final\mapstruct-1.2.0.Final.jar;C:\Users\vtorresc\.m2\repository\io\springfox\springfox-swagger-ui\2.9.2\springfox-swagger-ui-2.9.2.jar;C:\Users\vtorresc\.m2\repository\org\springframework\cloud\spring-cloud-starter-feign\1.4.7.RELEASE\spring-cloud-starter-feign-1.4.7.RELEASE.jar;C:\Users\vtorresc\.m2\repository\org\springframework\cloud\spring-cloud-starter-openfeign\2.1.5.RELEASE\spring-cloud-starter-openfeign-2.1.5.RELEASE.jar;C:\Users\vtorresc\.m2\repository\org\springframework\cloud\spring-cloud-starter\2.1.5.RELEASE\spring-cloud-starter-2.1.5.RELEASE.jar;C:\Users\vtorresc\.m2\repository\org\springframework\cloud\spring-cloud-context\2.1.5.RELEASE\spring-cloud-context-2.1.5.RELEASE.jar;C:\Users\vtorresc\.m2\repository\org\springframework\security\spring-security-rsa\1.0.9.RELEASE\spring-security-rsa-1.0.9.RELEASE.jar;C:\Users\vtorresc\.m2\repository\org\bouncycastle\bcpkix-jdk15on\1.64\bcpkix-jdk15on-1.64.jar;C:\Users\vtorresc\.m2\repository\org\bouncycastle\bcprov-jdk15on\1.64\bcprov-jdk15on-1.64.jar;C:\Users\vtorresc\.m2\repository\org\springframework\cloud\spring-cloud-openfeign-core\2.1.5.RELEASE\spring-cloud-openfeign-core-2.1.5.RELEASE.jar;C:\Users\vtorresc\.m2\repository\org\springframework\cloud\spring-cloud-netflix-ribbon\2.1.5.RELEASE\spring-cloud-netflix-ribbon-2.1.5.RELEASE.jar;C:\Users\vtorresc\.m2\repository\org\springframework\cloud\spring-cloud-netflix-archaius\2.1.5.RELEASE\spring-cloud-netflix-archaius-2.1.5.RELEASE.jar;C:\Users\vtorresc\.m2\repository\io\github\openfeign\form\feign-form-spring\3.8.0\feign-form-spring-3.8.0.jar;C:\Users\vtorresc\.m2\repository\io\github\openfeign\form\feign-form\3.8.0\feign-form-3.8.0.jar;C:\Users\vtorresc\.m2\repository\org\springframework\cloud\spring-cloud-commons\2.1.5.RELEASE\spring-cloud-commons-2.1.5.RELEASE.jar;C:\Users\vtorresc\.m2\repository\org\springframework\security\spring-security-crypto\5.1.8.RELEASE\spring-security-crypto-5.1.8.RELEASE.jar;C:\Users\vtorresc\.m2\repository\io\github\openfeign\feign-hystrix\10.4.0\feign-hystrix-10.4.0.jar;C:\Users\vtorresc\.m2\repository\com\netflix\archaius\archaius-core\0.7.6\archaius-core-0.7.6.jar;C:\Users\vtorresc\.m2\repository\com\netflix\hystrix\hystrix-core\1.5.18\hystrix-core-1.5.18.jar;C:\Users\vtorresc\.m2\repository\io\reactivex\rxjava\1.3.8\rxjava-1.3.8.jar;C:\Users\vtorresc\.m2\repository\io\github\openfeign\feign-okhttp\10.2.0\feign-okhttp-10.2.0.jar;C:\Users\vtorresc\.m2\repository\io\github\openfeign\feign-core\10.4.0\feign-core-10.4.0.jar;C:\Users\vtorresc\.m2\repository\com\squareup\okhttp3\okhttp\3.8.1\okhttp-3.8.1.jar;C:\Users\vtorresc\.m2\repository\com\squareup\okio\okio\1.13.0\okio-1.13.0.jar;C:\Users\vtorresc\.m2\repository\io\github\openfeign\feign-gson\10.2.3\feign-gson-10.2.3.jar;C:\Users\vtorresc\.m2\repository\io\github\openfeign\feign-slf4j\9.3.1\feign-slf4j-9.3.1.jar;C:\Users\vtorresc\.m2\repository\com\netflix\feign\feign-jackson\8.18.0\feign-jackson-8.18.0.jar;C:\Users\vtorresc\.m2\repository\com\netflix\feign\feign-core\8.18.0\feign-core-8.18.0.jar;C:\Users\vtorresc\.m2\repository\org\jvnet\animal-sniffer-annotation\1.0\animal-sniffer-annotation-1.0.jar;C:\Users\vtorresc\.m2\repository\org\codehaus\plexus\plexus-container-default\2.1.0\plexus-container-default-2.1.0.jar;C:\Users\vtorresc\.m2\repository\org\codehaus\plexus\plexus-utils\3.1.1\plexus-utils-3.1.1.jar;C:\Users\vtorresc\.m2\repository\org\codehaus\plexus\plexus-classworlds\2.6.0\plexus-classworlds-2.6.0.jar;C:\Users\vtorresc\.m2\repository\org\apache\xbean\xbean-reflect\3.7\xbean-reflect-3.7.jar;C:\Users\vtorresc\.m2\repository\com\google\collections\google-collections\1.0\google-collections-1.0.jar;C:\Users\vtorresc\.m2\repository\org\modelmapper\modelmapper\2.3.5\modelmapper-2.3.5.jar;C:\Users\vtorresc\.m2\repository\com\google\cloud\google-cloud-storage\1.78.0\google-cloud-storage-1.78.0.jar;C:\Users\vtorresc\.m2\repository\com\google\cloud\google-cloud-core\1.78.0\google-cloud-core-1.78.0.jar;C:\Users\vtorresc\.m2\repository\com\google\http-client\google-http-client\1.30.1\google-http-client-1.30.1.jar;C:\Users\vtorresc\.m2\repository\com\google\j2objc\j2objc-annotations\1.3\j2objc-annotations-1.3.jar;C:\Users\vtorresc\.m2\repository\com\google\code\findbugs\jsr305\3.0.2\jsr305-3.0.2.jar;C:\Users\vtorresc\.m2\repository\com\google\api\api-common\1.8.1\api-common-1.8.1.jar;C:\Users\vtorresc\.m2\repository\com\google\api\gax\1.45.0\gax-1.45.0.jar;C:\Users\vtorresc\.m2\repository\org\threeten\threetenbp\1.3.3\threetenbp-1.3.3.jar;C:\Users\vtorresc\.m2\repository\com\google\protobuf\protobuf-java-util\3.7.1\protobuf-java-util-3.7.1.jar;C:\Users\vtorresc\.m2\repository\com\google\api\grpc\proto-google-common-protos\1.16.0\proto-google-common-protos-1.16.0.jar;C:\Users\vtorresc\.m2\repository\com\google\api\grpc\proto-google-iam-v1\0.12.0\proto-google-iam-v1-0.12.0.jar;C:\Users\vtorresc\.m2\repository\com\google\cloud\google-cloud-core-http\1.78.0\google-cloud-core-http-1.78.0.jar;C:\Users\vtorresc\.m2\repository\com\google\auth\google-auth-library-credentials\0.16.1\google-auth-library-credentials-0.16.1.jar;C:\Users\vtorresc\.m2\repository\com\google\auth\google-auth-library-oauth2-http\0.16.1\google-auth-library-oauth2-http-0.16.1.jar;C:\Users\vtorresc\.m2\repository\com\google\http-client\google-http-client-jackson2\1.30.1\google-http-client-jackson2-1.30.1.jar;C:\Users\vtorresc\.m2\repository\com\google\api-client\google-api-client\1.29.2\google-api-client-1.29.2.jar;C:\Users\vtorresc\.m2\repository\com\google\oauth-client\google-oauth-client\1.29.2\google-oauth-client-1.29.2.jar;C:\Users\vtorresc\.m2\repository\com\google\http-client\google-http-client-appengine\1.30.1\google-http-client-appengine-1.30.1.jar;C:\Users\vtorresc\.m2\repository\com\google\api\gax-httpjson\0.62.0\gax-httpjson-0.62.0.jar;C:\Users\vtorresc\.m2\repository\io\opencensus\opencensus-api\0.21.0\opencensus-api-0.21.0.jar;C:\Users\vtorresc\.m2\repository\io\opencensus\opencensus-contrib-http-util\0.21.0\opencensus-contrib-http-util-0.21.0.jar;C:\Users\vtorresc\.m2\repository\com\google\apis\google-api-services-storage\v1-rev20190426-1.28.0\google-api-services-storage-v1-rev20190426-1.28.0.jar;C:\Users\vtorresc\.m2\repository\javax\annotation\javax.annotation-api\1.3.2\javax.annotation-api-1.3.2.jar;C:\Users\vtorresc\.m2\repository\com\google\cloud\google-cloud-dialogflow\0.96.0-alpha\google-cloud-dialogflow-0.96.0-alpha.jar;C:\Users\vtorresc\.m2\repository\com\google\cloud\google-cloud-core-grpc\1.78.0\google-cloud-core-grpc-1.78.0.jar;C:\Users\vtorresc\.m2\repository\com\google\protobuf\protobuf-java\3.7.1\protobuf-java-3.7.1.jar;C:\Users\vtorresc\.m2\repository\io\grpc\grpc-protobuf\1.21.0\grpc-protobuf-1.21.0.jar;C:\Users\vtorresc\.m2\repository\io\grpc\grpc-protobuf-lite\1.21.0\grpc-protobuf-lite-1.21.0.jar;C:\Users\vtorresc\.m2\repository\io\grpc\grpc-context\1.21.0\grpc-context-1.21.0.jar;C:\Users\vtorresc\.m2\repository\com\google\api\gax-grpc\1.45.0\gax-grpc-1.45.0.jar;C:\Users\vtorresc\.m2\repository\io\grpc\grpc-alts\1.21.0\grpc-alts-1.21.0.jar;C:\Users\vtorresc\.m2\repository\io\grpc\grpc-grpclb\1.21.0\grpc-grpclb-1.21.0.jar;C:\Users\vtorresc\.m2\repository\org\apache\commons\commons-lang3\3.8.1\commons-lang3-3.8.1.jar;C:\Users\vtorresc\.m2\repository\com\google\api\grpc\proto-google-cloud-dialogflow-v2beta1\0.61.0\proto-google-cloud-dialogflow-v2beta1-0.61.0.jar;C:\Users\vtorresc\.m2\repository\com\google\api\grpc\proto-google-cloud-dialogflow-v2\0.61.0\proto-google-cloud-dialogflow-v2-0.61.0.jar;C:\Users\vtorresc\.m2\repository\io\grpc\grpc-netty-shaded\1.21.0\grpc-netty-shaded-1.21.0.jar;C:\Users\vtorresc\.m2\repository\io\grpc\grpc-core\1.21.0\grpc-core-1.21.0.jar;C:\Users\vtorresc\.m2\repository\com\google\android\annotations\4.1.1.4\annotations-4.1.1.4.jar;C:\Users\vtorresc\.m2\repository\io\opencensus\opencensus-contrib-grpc-metrics\0.21.0\opencensus-contrib-grpc-metrics-0.21.0.jar;C:\Users\vtorresc\.m2\repository\io\grpc\grpc-stub\1.21.0\grpc-stub-1.21.0.jar;C:\Users\vtorresc\.m2\repository\io\grpc\grpc-api\1.21.0\grpc-api-1.21.0.jar;C:\Users\vtorresc\.m2\repository\org\codehaus\mojo\animal-sniffer-annotations\1.17\animal-sniffer-annotations-1.17.jar;C:\Users\vtorresc\.m2\repository\io\grpc\grpc-auth\1.21.0\grpc-auth-1.21.0.jar;C:\Users\vtorresc\.m2\repository\com\google\truth\truth\0.42\truth-0.42.jar;C:\Users\vtorresc\.m2\repository\org\checkerframework\checker-compat-qual\2.5.3\checker-compat-qual-2.5.3.jar;C:\Users\vtorresc\.m2\repository\org\checkerframework\checker-qual\2.5.3\checker-qual-2.5.3.jar;C:\Users\vtorresc\.m2\repository\junit\junit\4.12\junit-4.12.jar;C:\Users\vtorresc\.m2\repository\com\googlecode\java-diff-utils\diffutils\1.3.0\diffutils-1.3.0.jar;C:\Users\vtorresc\.m2\repository\com\google\auto\value\auto-value-annotations\1.6.2\auto-value-annotations-1.6.2.jar;C:\Users\vtorresc\.m2\repository\com\google\errorprone\error_prone_annotations\2.3.1\error_prone_annotations-2.3.1.jar;C:\Users\vtorresc\.m2\repository\org\apache\maven\maven-project\2.2.1\maven-project-2.2.1.jar;C:\Users\vtorresc\.m2\repository\org\apache\maven\maven-settings\2.2.1\maven-settings-2.2.1.jar;C:\Users\vtorresc\.m2\repository\org\apache\maven\maven-profile\2.2.1\maven-profile-2.2.1.jar;C:\Users\vtorresc\.m2\repository\org\apache\maven\maven-model\2.2.1\maven-model-2.2.1.jar;C:\Users\vtorresc\.m2\repository\org\apache\maven\maven-artifact-manager\2.2.1\maven-artifact-manager-2.2.1.jar;C:\Users\vtorresc\.m2\repository\org\apache\maven\maven-repository-metadata\2.2.1\maven-repository-metadata-2.2.1.jar;C:\Users\vtorresc\.m2\repository\org\apache\maven\wagon\wagon-provider-api\1.0-beta-6\wagon-provider-api-1.0-beta-6.jar;C:\Users\vtorresc\.m2\repository\backport-util-concurrent\backport-util-concurrent\3.1\backport-util-concurrent-3.1.jar;C:\Users\vtorresc\.m2\repository\org\apache\maven\maven-plugin-registry\2.2.1\maven-plugin-registry-2.2.1.jar;C:\Users\vtorresc\.m2\repository\org\codehaus\plexus\plexus-interpolation\1.11\plexus-interpolation-1.11.jar;C:\Users\vtorresc\.m2\repository\com\fasterxml\jackson\core\jackson-databind\2.9.10.3\jackson-databind-2.9.10.3.jar;C:\Users\vtorresc\.m2\repository\com\fasterxml\jackson\core\jackson-annotations\2.9.10\jackson-annotations-2.9.10.jar;C:\Users\vtorresc\.m2\repository\com\fasterxml\jackson\core\jackson-core\2.9.10\jackson-core-2.9.10.jar;C:\Users\vtorresc\.m2\repository\org\springframework\boot\spring-boot-starter-data-jpa\2.1.13.RELEASE\spring-boot-starter-data-jpa-2.1.13.RELEASE.jar;C:\Users\vtorresc\.m2\repository\org\springframework\boot\spring-boot-starter-aop\2.1.13.RELEASE\spring-boot-starter-aop-2.1.13.RELEASE.jar;C:\Users\vtorresc\.m2\repository\org\aspectj\aspectjweaver\1.9.5\aspectjweaver-1.9.5.jar;C:\Users\vtorresc\.m2\repository\javax\transaction\javax.transaction-api\1.3\javax.transaction-api-1.3.jar;C:\Users\vtorresc\.m2\repository\javax\xml\bind\jaxb-api\2.3.1\jaxb-api-2.3.1.jar;C:\Users\vtorresc\.m2\repository\javax\activation\javax.activation-api\1.2.0\javax.activation-api-1.2.0.jar;C:\Users\vtorresc\.m2\repository\org\hibernate\hibernate-core\5.3.15.Final\hibernate-core-5.3.15.Final.jar;C:\Users\vtorresc\.m2\repository\javax\persistence\javax.persistence-api\2.2\javax.persistence-api-2.2.jar;C:\Users\vtorresc\.m2\repository\org\javassist\javassist\3.23.2-GA\javassist-3.23.2-GA.jar;C:\Users\vtorresc\.m2\repository\antlr\antlr\2.7.7\antlr-2.7.7.jar;C:\Users\vtorresc\.m2\repository\org\jboss\jandex\2.0.5.Final\jandex-2.0.5.Final.jar;C:\Users\vtorresc\.m2\repository\org\dom4j\dom4j\2.1.1\dom4j-2.1.1.jar;C:\Users\vtorresc\.m2\repository\org\hibernate\common\hibernate-commons-annotations\5.0.4.Final\hibernate-commons-annotations-5.0.4.Final.jar;C:\Users\vtorresc\.m2\repository\org\glassfish\jaxb\jaxb-runtime\2.3.1\jaxb-runtime-2.3.1.jar;C:\Users\vtorresc\.m2\repository\org\glassfish\jaxb\txw2\2.3.1\txw2-2.3.1.jar;C:\Users\vtorresc\.m2\repository\com\sun\istack\istack-commons-runtime\3.0.7\istack-commons-runtime-3.0.7.jar;C:\Users\vtorresc\.m2\repository\org\jvnet\staxex\stax-ex\1.8\stax-ex-1.8.jar;C:\Users\vtorresc\.m2\repository\com\sun\xml\fastinfoset\FastInfoset\1.2.15\FastInfoset-1.2.15.jar;C:\Users\vtorresc\.m2\repository\org\springframework\data\spring-data-jpa\2.1.16.RELEASE\spring-data-jpa-2.1.16.RELEASE.jar;C:\Users\vtorresc\.m2\repository\org\springframework\data\spring-data-commons\2.1.16.RELEASE\spring-data-commons-2.1.16.RELEASE.jar;C:\Users\vtorresc\.m2\repository\org\springframework\spring-orm\5.1.14.RELEASE\spring-orm-5.1.14.RELEASE.jar;C:\Users\vtorresc\.m2\repository\org\springframework\spring-aspects\5.1.14.RELEASE\spring-aspects-5.1.14.RELEASE.jar;C:\Users\vtorresc\.m2\repository\org\projectlombok\lombok\1.18.12\lombok-1.18.12.jar;C:\Users\vtorresc\.m2\repository\org\owasp\esapi\esapi\2.2.0.0\esapi-2.2.0.0.jar;C:\Users\vtorresc\.m2\repository\com\io7m\xom\xom\1.2.10\xom-1.2.10.jar;C:\Users\vtorresc\.m2\repository\commons-configuration\commons-configuration\1.10\commons-configuration-1.10.jar;C:\Users\vtorresc\.m2\repository\org\apache\commons\commons-collections4\4.2\commons-collections4-4.2.jar;C:\Users\vtorresc\.m2\repository\org\owasp\antisamy\antisamy\1.5.8\antisamy-1.5.8.jar;C:\Users\vtorresc\.m2\repository\net\sourceforge\nekohtml\nekohtml\1.9.22\nekohtml-1.9.22.jar;C:\Users\vtorresc\.m2\repository\org\apache\httpcomponents\httpclient\4.5.11\httpclient-4.5.11.jar;C:\Users\vtorresc\.m2\repository\org\apache\httpcomponents\httpcore\4.4.13\httpcore-4.4.13.jar;C:\Users\vtorresc\.m2\repository\commons-codec\commons-codec\1.11\commons-codec-1.11.jar;C:\Users\vtorresc\.m2\repository\xerces\xercesImpl\2.12.0\xercesImpl-2.12.0.jar;C:\Users\vtorresc\.m2\repository\xml-apis\xml-apis\1.4.01\xml-apis-1.4.01.jar;"/>
    <property name="java.vm.vendor" value="Oracle Corporation"/>
    <property name="sun.arch.data.model" value="64"/>
    <property name="user.variant" value=""/>
    <property name="java.vendor.url" value="http://java.oracle.com/"/>
    <property name="user.timezone" value="Europe/Paris"/>
    <property name="java.vm.specification.version" value="1.8"/>
    <property name="os.name" value="Windows 10"/>
    <property name="user.country" value="ES"/>
    <property name="sun.java.launcher" value="SUN_STANDARD"/>
    <property name="sun.boot.library.path" value="C:\Program Files\Java\jdk1.8.0_151\jre\bin"/>
    <property name="sun.java.command" value="C:\Users\vtorresc\AppData\Local\Temp\surefire7558737127869790149\surefirebooter7128721550361143369.jar C:\Users\vtorresc\AppData\Local\Temp\surefire7558737127869790149 2021-04-06T12-07-12_238-jvmRun1 surefire9156742605569785259tmp surefire_04055145360040327347tmp"/>
    <property name="surefire.test.class.path" value="C:\Users\vtorresc\Desktop\proyectos\GiDP\gidp-eva-infobip\target\test-classes;C:\Users\vtorresc\Desktop\proyectos\GiDP\gidp-eva-infobip\target\classes;C:\Users\vtorresc\.m2\repository\com\everis\eva\eva-starter-channel\3.2.2.0\eva-starter-channel-3.2.2.0.jar;C:\Users\vtorresc\.m2\repository\com\everis\eva\eva-starter-jpa\3.2.2.0\eva-starter-jpa-3.2.2.0.jar;C:\Users\vtorresc\.m2\repository\org\apache\tomcat\embed\tomcat-embed-core\9.0.31\tomcat-embed-core-9.0.31.jar;C:\Users\vtorresc\.m2\repository\org\apache\tomcat\tomcat-annotations-api\9.0.31\tomcat-annotations-api-9.0.31.jar;C:\Users\vtorresc\.m2\repository\org\slf4j\slf4j-simple\1.7.30\slf4j-simple-1.7.30.jar;C:\Users\vtorresc\.m2\repository\org\slf4j\slf4j-api\1.7.30\slf4j-api-1.7.30.jar;C:\Users\vtorresc\.m2\repository\xalan\xalan\2.7.2\xalan-2.7.2.jar;C:\Users\vtorresc\.m2\repository\xalan\serializer\2.7.2\serializer-2.7.2.jar;C:\Users\vtorresc\.m2\repository\commons-fileupload\commons-fileupload\1.4\commons-fileupload-1.4.jar;C:\Users\vtorresc\.m2\repository\commons-io\commons-io\2.2\commons-io-2.2.jar;C:\Users\vtorresc\.m2\repository\org\apache\xmlgraphics\batik-css\1.12\batik-css-1.12.jar;C:\Users\vtorresc\.m2\repository\org\apache\xmlgraphics\batik-util\1.12\batik-util-1.12.jar;C:\Users\vtorresc\.m2\repository\org\apache\xmlgraphics\batik-constants\1.12\batik-constants-1.12.jar;C:\Users\vtorresc\.m2\repository\org\apache\xmlgraphics\batik-i18n\1.12\batik-i18n-1.12.jar;C:\Users\vtorresc\.m2\repository\org\apache\xmlgraphics\xmlgraphics-commons\2.4\xmlgraphics-commons-2.4.jar;C:\Users\vtorresc\.m2\repository\commons-logging\commons-logging\1.0.4\commons-logging-1.0.4.jar;C:\Users\vtorresc\.m2\repository\xml-apis\xml-apis-ext\1.3.04\xml-apis-ext-1.3.04.jar;C:\Users\vtorresc\.m2\repository\org\apache\xmlgraphics\batik-ext\1.9.1\batik-ext-1.9.1.jar;C:\Users\vtorresc\.m2\repository\org\springframework\boot\spring-boot-starter-web\2.1.13.RELEASE\spring-boot-starter-web-2.1.13.RELEASE.jar;C:\Users\vtorresc\.m2\repository\org\springframework\boot\spring-boot-starter\2.1.13.RELEASE\spring-boot-starter-2.1.13.RELEASE.jar;C:\Users\vtorresc\.m2\repository\org\springframework\boot\spring-boot\2.1.13.RELEASE\spring-boot-2.1.13.RELEASE.jar;C:\Users\vtorresc\.m2\repository\org\springframework\boot\spring-boot-autoconfigure\2.1.13.RELEASE\spring-boot-autoconfigure-2.1.13.RELEASE.jar;C:\Users\vtorresc\.m2\repository\org\springframework\boot\spring-boot-starter-logging\2.1.13.RELEASE\spring-boot-starter-logging-2.1.13.RELEASE.jar;C:\Users\vtorresc\.m2\repository\org\apache\logging\log4j\log4j-to-slf4j\2.11.2\log4j-to-slf4j-2.11.2.jar;C:\Users\vtorresc\.m2\repository\org\apache\logging\log4j\log4j-api\2.11.2\log4j-api-2.11.2.jar;C:\Users\vtorresc\.m2\repository\org\slf4j\jul-to-slf4j\1.7.30\jul-to-slf4j-1.7.30.jar;C:\Users\vtorresc\.m2\repository\org\yaml\snakeyaml\1.23\snakeyaml-1.23.jar;C:\Users\vtorresc\.m2\repository\org\springframework\boot\spring-boot-starter-json\2.1.13.RELEASE\spring-boot-starter-json-2.1.13.RELEASE.jar;C:\Users\vtorresc\.m2\repository\com\fasterxml\jackson\datatype\jackson-datatype-jdk8\2.9.10\jackson-datatype-jdk8-2.9.10.jar;C:\Users\vtorresc\.m2\repository\com\fasterxml\jackson\datatype\jackson-datatype-jsr310\2.9.10\jackson-datatype-jsr310-2.9.10.jar;C:\Users\vtorresc\.m2\repository\com\fasterxml\jackson\module\jackson-module-parameter-names\2.9.10\jackson-module-parameter-names-2.9.10.jar;C:\Users\vtorresc\.m2\repository\org\springframework\boot\spring-boot-starter-tomcat\2.1.13.RELEASE\spring-boot-starter-tomcat-2.1.13.RELEASE.jar;C:\Users\vtorresc\.m2\repository\org\apache\tomcat\embed\tomcat-embed-el\9.0.31\tomcat-embed-el-9.0.31.jar;C:\Users\vtorresc\.m2\repository\org\apache\tomcat\embed\tomcat-embed-websocket\9.0.31\tomcat-embed-websocket-9.0.31.jar;C:\Users\vtorresc\.m2\repository\org\hibernate\validator\hibernate-validator\6.0.18.Final\hibernate-validator-6.0.18.Final.jar;C:\Users\vtorresc\.m2\repository\javax\validation\validation-api\2.0.1.Final\validation-api-2.0.1.Final.jar;C:\Users\vtorresc\.m2\repository\org\jboss\logging\jboss-logging\3.3.3.Final\jboss-logging-3.3.3.Final.jar;C:\Users\vtorresc\.m2\repository\org\springframework\spring-web\5.1.14.RELEASE\spring-web-5.1.14.RELEASE.jar;C:\Users\vtorresc\.m2\repository\org\springframework\spring-beans\5.1.14.RELEASE\spring-beans-5.1.14.RELEASE.jar;C:\Users\vtorresc\.m2\repository\org\springframework\spring-webmvc\5.1.14.RELEASE\spring-webmvc-5.1.14.RELEASE.jar;C:\Users\vtorresc\.m2\repository\org\springframework\spring-aop\5.1.14.RELEASE\spring-aop-5.1.14.RELEASE.jar;C:\Users\vtorresc\.m2\repository\org\springframework\spring-context\5.1.14.RELEASE\spring-context-5.1.14.RELEASE.jar;C:\Users\vtorresc\.m2\repository\org\springframework\spring-expression\5.1.14.RELEASE\spring-expression-5.1.14.RELEASE.jar;C:\Users\vtorresc\.m2\repository\org\springframework\boot\spring-boot-starter-test\2.1.13.RELEASE\spring-boot-starter-test-2.1.13.RELEASE.jar;C:\Users\vtorresc\.m2\repository\org\springframework\boot\spring-boot-test\2.1.13.RELEASE\spring-boot-test-2.1.13.RELEASE.jar;C:\Users\vtorresc\.m2\repository\org\springframework\boot\spring-boot-test-autoconfigure\2.1.13.RELEASE\spring-boot-test-autoconfigure-2.1.13.RELEASE.jar;C:\Users\vtorresc\.m2\repository\com\jayway\jsonpath\json-path\2.4.0\json-path-2.4.0.jar;C:\Users\vtorresc\.m2\repository\net\minidev\json-smart\2.3\json-smart-2.3.jar;C:\Users\vtorresc\.m2\repository\net\minidev\accessors-smart\1.2\accessors-smart-1.2.jar;C:\Users\vtorresc\.m2\repository\org\ow2\asm\asm\5.0.4\asm-5.0.4.jar;C:\Users\vtorresc\.m2\repository\org\assertj\assertj-core\3.11.1\assertj-core-3.11.1.jar;C:\Users\vtorresc\.m2\repository\org\mockito\mockito-core\2.23.4\mockito-core-2.23.4.jar;C:\Users\vtorresc\.m2\repository\net\bytebuddy\byte-buddy\1.9.16\byte-buddy-1.9.16.jar;C:\Users\vtorresc\.m2\repository\net\bytebuddy\byte-buddy-agent\1.9.16\byte-buddy-agent-1.9.16.jar;C:\Users\vtorresc\.m2\repository\org\objenesis\objenesis\2.6\objenesis-2.6.jar;C:\Users\vtorresc\.m2\repository\org\hamcrest\hamcrest-core\1.3\hamcrest-core-1.3.jar;C:\Users\vtorresc\.m2\repository\org\hamcrest\hamcrest-library\1.3\hamcrest-library-1.3.jar;C:\Users\vtorresc\.m2\repository\org\skyscreamer\jsonassert\1.5.0\jsonassert-1.5.0.jar;C:\Users\vtorresc\.m2\repository\com\vaadin\external\google\android-json\0.0.20131108.vaadin1\android-json-0.0.20131108.vaadin1.jar;C:\Users\vtorresc\.m2\repository\org\springframework\spring-core\5.1.14.RELEASE\spring-core-5.1.14.RELEASE.jar;C:\Users\vtorresc\.m2\repository\org\springframework\spring-jcl\5.1.14.RELEASE\spring-jcl-5.1.14.RELEASE.jar;C:\Users\vtorresc\.m2\repository\org\springframework\spring-test\5.1.14.RELEASE\spring-test-5.1.14.RELEASE.jar;C:\Users\vtorresc\.m2\repository\org\xmlunit\xmlunit-core\2.6.3\xmlunit-core-2.6.3.jar;C:\Users\vtorresc\.m2\repository\org\springframework\boot\spring-boot-starter-jdbc\2.1.13.RELEASE\spring-boot-starter-jdbc-2.1.13.RELEASE.jar;C:\Users\vtorresc\.m2\repository\com\zaxxer\HikariCP\3.2.0\HikariCP-3.2.0.jar;C:\Users\vtorresc\.m2\repository\org\springframework\spring-jdbc\5.1.14.RELEASE\spring-jdbc-5.1.14.RELEASE.jar;C:\Users\vtorresc\.m2\repository\org\springframework\spring-tx\5.1.14.RELEASE\spring-tx-5.1.14.RELEASE.jar;C:\Users\vtorresc\.m2\repository\org\springframework\boot\spring-boot-starter-actuator\2.1.13.RELEASE\spring-boot-starter-actuator-2.1.13.RELEASE.jar;C:\Users\vtorresc\.m2\repository\org\springframework\boot\spring-boot-actuator-autoconfigure\2.1.13.RELEASE\spring-boot-actuator-autoconfigure-2.1.13.RELEASE.jar;C:\Users\vtorresc\.m2\repository\org\springframework\boot\spring-boot-actuator\2.1.13.RELEASE\spring-boot-actuator-2.1.13.RELEASE.jar;C:\Users\vtorresc\.m2\repository\io\micrometer\micrometer-core\1.1.10\micrometer-core-1.1.10.jar;C:\Users\vtorresc\.m2\repository\org\hdrhistogram\HdrHistogram\2.1.9\HdrHistogram-2.1.9.jar;C:\Users\vtorresc\.m2\repository\org\latencyutils\LatencyUtils\2.0.3\LatencyUtils-2.0.3.jar;C:\Users\vtorresc\.m2\repository\io\opentracing\contrib\opentracing-spring-jaeger-cloud-starter\1.0.3\opentracing-spring-jaeger-cloud-starter-1.0.3.jar;C:\Users\vtorresc\.m2\repository\io\opentracing\contrib\opentracing-spring-jaeger-starter\1.0.3\opentracing-spring-jaeger-starter-1.0.3.jar;C:\Users\vtorresc\.m2\repository\io\opentracing\contrib\opentracing-spring-tracer-configuration-starter\0.1.0\opentracing-spring-tracer-configuration-starter-0.1.0.jar;C:\Users\vtorresc\.m2\repository\io\opentracing\opentracing-noop\0.31.0\opentracing-noop-0.31.0.jar;C:\Users\vtorresc\.m2\repository\io\opentracing\opentracing-util\0.31.0\opentracing-util-0.31.0.jar;C:\Users\vtorresc\.m2\repository\io\opentracing\contrib\opentracing-tracerresolver\0.1.4\opentracing-tracerresolver-0.1.4.jar;C:\Users\vtorresc\.m2\repository\io\opentracing\opentracing-api\0.31.0\opentracing-api-0.31.0.jar;C:\Users\vtorresc\.m2\repository\io\jaegertracing\jaeger-client\0.32.0\jaeger-client-0.32.0.jar;C:\Users\vtorresc\.m2\repository\io\jaegertracing\jaeger-thrift\0.32.0\jaeger-thrift-0.32.0.jar;C:\Users\vtorresc\.m2\repository\org\apache\thrift\libthrift\0.11.0\libthrift-0.11.0.jar;C:\Users\vtorresc\.m2\repository\io\jaegertracing\jaeger-core\0.32.0\jaeger-core-0.32.0.jar;C:\Users\vtorresc\.m2\repository\io\jaegertracing\jaeger-tracerresolver\0.32.0\jaeger-tracerresolver-0.32.0.jar;C:\Users\vtorresc\.m2\repository\io\opentracing\contrib\opentracing-spring-cloud-starter\0.2.2\opentracing-spring-cloud-starter-0.2.2.jar;C:\Users\vtorresc\.m2\repository\io\opentracing\contrib\opentracing-spring-cloud-core\0.2.2\opentracing-spring-cloud-core-0.2.2.jar;C:\Users\vtorresc\.m2\repository\io\opentracing\contrib\opentracing-concurrent\0.1.0\opentracing-concurrent-0.1.0.jar;C:\Users\vtorresc\.m2\repository\io\opentracing\contrib\opentracing-spring-web-starter\0.3.4\opentracing-spring-web-starter-0.3.4.jar;C:\Users\vtorresc\.m2\repository\io\opentracing\contrib\opentracing-spring-web\0.3.4\opentracing-spring-web-0.3.4.jar;C:\Users\vtorresc\.m2\repository\io\opentracing\contrib\opentracing-web-servlet-filter\0.2.0\opentracing-web-servlet-filter-0.2.0.jar;C:\Users\vtorresc\.m2\repository\io\opentracing\contrib\opentracing-spring-messaging-starter\0.0.5\opentracing-spring-messaging-starter-0.0.5.jar;C:\Users\vtorresc\.m2\repository\io\opentracing\contrib\opentracing-spring-messaging\0.0.5\opentracing-spring-messaging-0.0.5.jar;C:\Users\vtorresc\.m2\repository\io\opentracing\contrib\opentracing-spring-rabbitmq-starter\0.1.0\opentracing-spring-rabbitmq-starter-0.1.0.jar;C:\Users\vtorresc\.m2\repository\io\opentracing\contrib\opentracing-spring-rabbitmq\0.1.0\opentracing-spring-rabbitmq-0.1.0.jar;C:\Users\vtorresc\.m2\repository\io\opentracing\contrib\opentracing-spring-cloud-jdbc-starter\0.2.2\opentracing-spring-cloud-jdbc-starter-0.2.2.jar;C:\Users\vtorresc\.m2\repository\io\opentracing\contrib\opentracing-jdbc\0.0.9\opentracing-jdbc-0.0.9.jar;C:\Users\vtorresc\.m2\repository\io\opentracing\contrib\opentracing-spring-cloud-jms-starter\0.2.2\opentracing-spring-cloud-jms-starter-0.2.2.jar;C:\Users\vtorresc\.m2\repository\io\opentracing\contrib\opentracing-jms-spring\0.0.10\opentracing-jms-spring-0.0.10.jar;C:\Users\vtorresc\.m2\repository\io\opentracing\contrib\opentracing-jms-1\0.0.10\opentracing-jms-1-0.0.10.jar;C:\Users\vtorresc\.m2\repository\io\opentracing\contrib\opentracing-jms-common\0.0.10\opentracing-jms-common-0.0.10.jar;C:\Users\vtorresc\.m2\repository\io\opentracing\contrib\opentracing-spring-cloud-feign-starter\0.2.2\opentracing-spring-cloud-feign-starter-0.2.2.jar;C:\Users\vtorresc\.m2\repository\io\github\openfeign\opentracing\feign-opentracing\0.1.0\feign-opentracing-0.1.0.jar;C:\Users\vtorresc\.m2\repository\io\github\openfeign\opentracing\feign-hystrix-opentracing\0.1.0\feign-hystrix-opentracing-0.1.0.jar;C:\Users\vtorresc\.m2\repository\io\opentracing\contrib\opentracing-spring-cloud-hystrix-starter\0.2.2\opentracing-spring-cloud-hystrix-starter-0.2.2.jar;C:\Users\vtorresc\.m2\repository\io\opentracing\contrib\opentracing-spring-cloud-rxjava-starter\0.2.2\opentracing-spring-cloud-rxjava-starter-0.2.2.jar;C:\Users\vtorresc\.m2\repository\io\opentracing\contrib\opentracing-rxjava-1\0.0.9\opentracing-rxjava-1-0.0.9.jar;C:\Users\vtorresc\.m2\repository\io\opentracing\contrib\opentracing-spring-cloud-redis-starter\0.2.2\opentracing-spring-cloud-redis-starter-0.2.2.jar;C:\Users\vtorresc\.m2\repository\io\opentracing\contrib\opentracing-redis-spring\0.0.10\opentracing-redis-spring-0.0.10.jar;C:\Users\vtorresc\.m2\repository\io\opentracing\contrib\opentracing-spring-cloud-mongo-starter\0.2.2\opentracing-spring-cloud-mongo-starter-0.2.2.jar;C:\Users\vtorresc\.m2\repository\io\opentracing\contrib\opentracing-mongo-driver\0.0.6\opentracing-mongo-driver-0.0.6.jar;C:\Users\vtorresc\.m2\repository\io\opentracing\contrib\opentracing-spring-cloud-websocket-starter\0.2.2\opentracing-spring-cloud-websocket-starter-0.2.2.jar;C:\Users\vtorresc\.m2\repository\io\opentracing\contrib\opentracing-spring-cloud-zuul-starter\0.2.2\opentracing-spring-cloud-zuul-starter-0.2.2.jar;C:\Users\vtorresc\.m2\repository\com\google\code\gson\gson\2.8.6\gson-2.8.6.jar;C:\Users\vtorresc\.m2\repository\commons-lang\commons-lang\2.6\commons-lang-2.6.jar;C:\Users\vtorresc\.m2\repository\org\apache\velocity\velocity\1.7\velocity-1.7.jar;C:\Users\vtorresc\.m2\repository\org\springframework\boot\spring-boot-starter-data-redis\2.1.13.RELEASE\spring-boot-starter-data-redis-2.1.13.RELEASE.jar;C:\Users\vtorresc\.m2\repository\org\springframework\data\spring-data-redis\2.1.16.RELEASE\spring-data-redis-2.1.16.RELEASE.jar;C:\Users\vtorresc\.m2\repository\org\springframework\data\spring-data-keyvalue\2.1.16.RELEASE\spring-data-keyvalue-2.1.16.RELEASE.jar;C:\Users\vtorresc\.m2\repository\org\springframework\spring-oxm\5.1.14.RELEASE\spring-oxm-5.1.14.RELEASE.jar;C:\Users\vtorresc\.m2\repository\org\springframework\spring-context-support\5.1.14.RELEASE\spring-context-support-5.1.14.RELEASE.jar;C:\Users\vtorresc\.m2\repository\io\lettuce\lettuce-core\5.1.8.RELEASE\lettuce-core-5.1.8.RELEASE.jar;C:\Users\vtorresc\.m2\repository\io\netty\netty-common\4.1.45.Final\netty-common-4.1.45.Final.jar;C:\Users\vtorresc\.m2\repository\io\netty\netty-handler\4.1.45.Final\netty-handler-4.1.45.Final.jar;C:\Users\vtorresc\.m2\repository\io\netty\netty-buffer\4.1.45.Final\netty-buffer-4.1.45.Final.jar;C:\Users\vtorresc\.m2\repository\io\netty\netty-codec\4.1.45.Final\netty-codec-4.1.45.Final.jar;C:\Users\vtorresc\.m2\repository\io\netty\netty-transport\4.1.45.Final\netty-transport-4.1.45.Final.jar;C:\Users\vtorresc\.m2\repository\io\netty\netty-resolver\4.1.45.Final\netty-resolver-4.1.45.Final.jar;C:\Users\vtorresc\.m2\repository\io\projectreactor\reactor-core\3.2.15.RELEASE\reactor-core-3.2.15.RELEASE.jar;C:\Users\vtorresc\.m2\repository\org\reactivestreams\reactive-streams\1.0.3\reactive-streams-1.0.3.jar;C:\Users\vtorresc\.m2\repository\org\testng\testng\6.14.3\testng-6.14.3.jar;C:\Users\vtorresc\.m2\repository\com\beust\jcommander\1.72\jcommander-1.72.jar;C:\Users\vtorresc\.m2\repository\org\apache-extras\beanshell\bsh\2.0b6\bsh-2.0b6.jar;C:\Users\vtorresc\.m2\repository\org\mockito\mockito-all\1.10.19\mockito-all-1.10.19.jar;C:\Users\vtorresc\.m2\repository\org\mariadb\jdbc\mariadb-java-client\2.3.0\mariadb-java-client-2.3.0.jar;C:\Users\vtorresc\.m2\repository\commons-collections\commons-collections\3.2.2\commons-collections-3.2.2.jar;C:\Users\vtorresc\.m2\repository\org\jvnet\annotation-mock-builder\annotation-mock-builder\1.1\annotation-mock-builder-1.1.jar;C:\Users\vtorresc\.m2\repository\com\sun\codemodel\codemodel\2.0\codemodel-2.0.jar;C:\Users\vtorresc\.m2\repository\org\apache\maven\maven-plugin-api\2.0\maven-plugin-api-2.0.jar;C:\Users\vtorresc\.m2\repository\org\apache\maven\maven-artifact\2.0\maven-artifact-2.0.jar;C:\Users\vtorresc\.m2\repository\io\springfox\springfox-swagger2\2.9.2\springfox-swagger2-2.9.2.jar;C:\Users\vtorresc\.m2\repository\io\swagger\swagger-annotations\1.5.20\swagger-annotations-1.5.20.jar;C:\Users\vtorresc\.m2\repository\io\swagger\swagger-models\1.5.20\swagger-models-1.5.20.jar;C:\Users\vtorresc\.m2\repository\io\springfox\springfox-spi\2.9.2\springfox-spi-2.9.2.jar;C:\Users\vtorresc\.m2\repository\io\springfox\springfox-core\2.9.2\springfox-core-2.9.2.jar;C:\Users\vtorresc\.m2\repository\io\springfox\springfox-schema\2.9.2\springfox-schema-2.9.2.jar;C:\Users\vtorresc\.m2\repository\io\springfox\springfox-swagger-common\2.9.2\springfox-swagger-common-2.9.2.jar;C:\Users\vtorresc\.m2\repository\io\springfox\springfox-spring-web\2.9.2\springfox-spring-web-2.9.2.jar;C:\Users\vtorresc\.m2\repository\com\google\guava\guava\20.0\guava-20.0.jar;C:\Users\vtorresc\.m2\repository\com\fasterxml\classmate\1.4.0\classmate-1.4.0.jar;C:\Users\vtorresc\.m2\repository\org\springframework\plugin\spring-plugin-core\1.2.0.RELEASE\spring-plugin-core-1.2.0.RELEASE.jar;C:\Users\vtorresc\.m2\repository\org\springframework\plugin\spring-plugin-metadata\1.2.0.RELEASE\spring-plugin-metadata-1.2.0.RELEASE.jar;C:\Users\vtorresc\.m2\repository\org\mapstruct\mapstruct\1.2.0.Final\mapstruct-1.2.0.Final.jar;C:\Users\vtorresc\.m2\repository\io\springfox\springfox-swagger-ui\2.9.2\springfox-swagger-ui-2.9.2.jar;C:\Users\vtorresc\.m2\repository\org\springframework\cloud\spring-cloud-starter-feign\1.4.7.RELEASE\spring-cloud-starter-feign-1.4.7.RELEASE.jar;C:\Users\vtorresc\.m2\repository\org\springframework\cloud\spring-cloud-starter-openfeign\2.1.5.RELEASE\spring-cloud-starter-openfeign-2.1.5.RELEASE.jar;C:\Users\vtorresc\.m2\repository\org\springframework\cloud\spring-cloud-starter\2.1.5.RELEASE\spring-cloud-starter-2.1.5.RELEASE.jar;C:\Users\vtorresc\.m2\repository\org\springframework\cloud\spring-cloud-context\2.1.5.RELEASE\spring-cloud-context-2.1.5.RELEASE.jar;C:\Users\vtorresc\.m2\repository\org\springframework\security\spring-security-rsa\1.0.9.RELEASE\spring-security-rsa-1.0.9.RELEASE.jar;C:\Users\vtorresc\.m2\repository\org\bouncycastle\bcpkix-jdk15on\1.64\bcpkix-jdk15on-1.64.jar;C:\Users\vtorresc\.m2\repository\org\bouncycastle\bcprov-jdk15on\1.64\bcprov-jdk15on-1.64.jar;C:\Users\vtorresc\.m2\repository\org\springframework\cloud\spring-cloud-openfeign-core\2.1.5.RELEASE\spring-cloud-openfeign-core-2.1.5.RELEASE.jar;C:\Users\vtorresc\.m2\repository\org\springframework\cloud\spring-cloud-netflix-ribbon\2.1.5.RELEASE\spring-cloud-netflix-ribbon-2.1.5.RELEASE.jar;C:\Users\vtorresc\.m2\repository\org\springframework\cloud\spring-cloud-netflix-archaius\2.1.5.RELEASE\spring-cloud-netflix-archaius-2.1.5.RELEASE.jar;C:\Users\vtorresc\.m2\repository\io\github\openfeign\form\feign-form-spring\3.8.0\feign-form-spring-3.8.0.jar;C:\Users\vtorresc\.m2\repository\io\github\openfeign\form\feign-form\3.8.0\feign-form-3.8.0.jar;C:\Users\vtorresc\.m2\repository\org\springframework\cloud\spring-cloud-commons\2.1.5.RELEASE\spring-cloud-commons-2.1.5.RELEASE.jar;C:\Users\vtorresc\.m2\repository\org\springframework\security\spring-security-crypto\5.1.8.RELEASE\spring-security-crypto-5.1.8.RELEASE.jar;C:\Users\vtorresc\.m2\repository\io\github\openfeign\feign-hystrix\10.4.0\feign-hystrix-10.4.0.jar;C:\Users\vtorresc\.m2\repository\com\netflix\archaius\archaius-core\0.7.6\archaius-core-0.7.6.jar;C:\Users\vtorresc\.m2\repository\com\netflix\hystrix\hystrix-core\1.5.18\hystrix-core-1.5.18.jar;C:\Users\vtorresc\.m2\repository\io\reactivex\rxjava\1.3.8\rxjava-1.3.8.jar;C:\Users\vtorresc\.m2\repository\io\github\openfeign\feign-okhttp\10.2.0\feign-okhttp-10.2.0.jar;C:\Users\vtorresc\.m2\repository\io\github\openfeign\feign-core\10.4.0\feign-core-10.4.0.jar;C:\Users\vtorresc\.m2\repository\com\squareup\okhttp3\okhttp\3.8.1\okhttp-3.8.1.jar;C:\Users\vtorresc\.m2\repository\com\squareup\okio\okio\1.13.0\okio-1.13.0.jar;C:\Users\vtorresc\.m2\repository\io\github\openfeign\feign-gson\10.2.3\feign-gson-10.2.3.jar;C:\Users\vtorresc\.m2\repository\io\github\openfeign\feign-slf4j\9.3.1\feign-slf4j-9.3.1.jar;C:\Users\vtorresc\.m2\repository\com\netflix\feign\feign-jackson\8.18.0\feign-jackson-8.18.0.jar;C:\Users\vtorresc\.m2\repository\com\netflix\feign\feign-core\8.18.0\feign-core-8.18.0.jar;C:\Users\vtorresc\.m2\repository\org\jvnet\animal-sniffer-annotation\1.0\animal-sniffer-annotation-1.0.jar;C:\Users\vtorresc\.m2\repository\org\codehaus\plexus\plexus-container-default\2.1.0\plexus-container-default-2.1.0.jar;C:\Users\vtorresc\.m2\repository\org\codehaus\plexus\plexus-utils\3.1.1\plexus-utils-3.1.1.jar;C:\Users\vtorresc\.m2\repository\org\codehaus\plexus\plexus-classworlds\2.6.0\plexus-classworlds-2.6.0.jar;C:\Users\vtorresc\.m2\repository\org\apache\xbean\xbean-reflect\3.7\xbean-reflect-3.7.jar;C:\Users\vtorresc\.m2\repository\com\google\collections\google-collections\1.0\google-collections-1.0.jar;C:\Users\vtorresc\.m2\repository\org\modelmapper\modelmapper\2.3.5\modelmapper-2.3.5.jar;C:\Users\vtorresc\.m2\repository\com\google\cloud\google-cloud-storage\1.78.0\google-cloud-storage-1.78.0.jar;C:\Users\vtorresc\.m2\repository\com\google\cloud\google-cloud-core\1.78.0\google-cloud-core-1.78.0.jar;C:\Users\vtorresc\.m2\repository\com\google\http-client\google-http-client\1.30.1\google-http-client-1.30.1.jar;C:\Users\vtorresc\.m2\repository\com\google\j2objc\j2objc-annotations\1.3\j2objc-annotations-1.3.jar;C:\Users\vtorresc\.m2\repository\com\google\code\findbugs\jsr305\3.0.2\jsr305-3.0.2.jar;C:\Users\vtorresc\.m2\repository\com\google\api\api-common\1.8.1\api-common-1.8.1.jar;C:\Users\vtorresc\.m2\repository\com\google\api\gax\1.45.0\gax-1.45.0.jar;C:\Users\vtorresc\.m2\repository\org\threeten\threetenbp\1.3.3\threetenbp-1.3.3.jar;C:\Users\vtorresc\.m2\repository\com\google\protobuf\protobuf-java-util\3.7.1\protobuf-java-util-3.7.1.jar;C:\Users\vtorresc\.m2\repository\com\google\api\grpc\proto-google-common-protos\1.16.0\proto-google-common-protos-1.16.0.jar;C:\Users\vtorresc\.m2\repository\com\google\api\grpc\proto-google-iam-v1\0.12.0\proto-google-iam-v1-0.12.0.jar;C:\Users\vtorresc\.m2\repository\com\google\cloud\google-cloud-core-http\1.78.0\google-cloud-core-http-1.78.0.jar;C:\Users\vtorresc\.m2\repository\com\google\auth\google-auth-library-credentials\0.16.1\google-auth-library-credentials-0.16.1.jar;C:\Users\vtorresc\.m2\repository\com\google\auth\google-auth-library-oauth2-http\0.16.1\google-auth-library-oauth2-http-0.16.1.jar;C:\Users\vtorresc\.m2\repository\com\google\http-client\google-http-client-jackson2\1.30.1\google-http-client-jackson2-1.30.1.jar;C:\Users\vtorresc\.m2\repository\com\google\api-client\google-api-client\1.29.2\google-api-client-1.29.2.jar;C:\Users\vtorresc\.m2\repository\com\google\oauth-client\google-oauth-client\1.29.2\google-oauth-client-1.29.2.jar;C:\Users\vtorresc\.m2\repository\com\google\http-client\google-http-client-appengine\1.30.1\google-http-client-appengine-1.30.1.jar;C:\Users\vtorresc\.m2\repository\com\google\api\gax-httpjson\0.62.0\gax-httpjson-0.62.0.jar;C:\Users\vtorresc\.m2\repository\io\opencensus\opencensus-api\0.21.0\opencensus-api-0.21.0.jar;C:\Users\vtorresc\.m2\repository\io\opencensus\opencensus-contrib-http-util\0.21.0\opencensus-contrib-http-util-0.21.0.jar;C:\Users\vtorresc\.m2\repository\com\google\apis\google-api-services-storage\v1-rev20190426-1.28.0\google-api-services-storage-v1-rev20190426-1.28.0.jar;C:\Users\vtorresc\.m2\repository\javax\annotation\javax.annotation-api\1.3.2\javax.annotation-api-1.3.2.jar;C:\Users\vtorresc\.m2\repository\com\google\cloud\google-cloud-dialogflow\0.96.0-alpha\google-cloud-dialogflow-0.96.0-alpha.jar;C:\Users\vtorresc\.m2\repository\com\google\cloud\google-cloud-core-grpc\1.78.0\google-cloud-core-grpc-1.78.0.jar;C:\Users\vtorresc\.m2\repository\com\google\protobuf\protobuf-java\3.7.1\protobuf-java-3.7.1.jar;C:\Users\vtorresc\.m2\repository\io\grpc\grpc-protobuf\1.21.0\grpc-protobuf-1.21.0.jar;C:\Users\vtorresc\.m2\repository\io\grpc\grpc-protobuf-lite\1.21.0\grpc-protobuf-lite-1.21.0.jar;C:\Users\vtorresc\.m2\repository\io\grpc\grpc-context\1.21.0\grpc-context-1.21.0.jar;C:\Users\vtorresc\.m2\repository\com\google\api\gax-grpc\1.45.0\gax-grpc-1.45.0.jar;C:\Users\vtorresc\.m2\repository\io\grpc\grpc-alts\1.21.0\grpc-alts-1.21.0.jar;C:\Users\vtorresc\.m2\repository\io\grpc\grpc-grpclb\1.21.0\grpc-grpclb-1.21.0.jar;C:\Users\vtorresc\.m2\repository\org\apache\commons\commons-lang3\3.8.1\commons-lang3-3.8.1.jar;C:\Users\vtorresc\.m2\repository\com\google\api\grpc\proto-google-cloud-dialogflow-v2beta1\0.61.0\proto-google-cloud-dialogflow-v2beta1-0.61.0.jar;C:\Users\vtorresc\.m2\repository\com\google\api\grpc\proto-google-cloud-dialogflow-v2\0.61.0\proto-google-cloud-dialogflow-v2-0.61.0.jar;C:\Users\vtorresc\.m2\repository\io\grpc\grpc-netty-shaded\1.21.0\grpc-netty-shaded-1.21.0.jar;C:\Users\vtorresc\.m2\repository\io\grpc\grpc-core\1.21.0\grpc-core-1.21.0.jar;C:\Users\vtorresc\.m2\repository\com\google\android\annotations\4.1.1.4\annotations-4.1.1.4.jar;C:\Users\vtorresc\.m2\repository\io\opencensus\opencensus-contrib-grpc-metrics\0.21.0\opencensus-contrib-grpc-metrics-0.21.0.jar;C:\Users\vtorresc\.m2\repository\io\grpc\grpc-stub\1.21.0\grpc-stub-1.21.0.jar;C:\Users\vtorresc\.m2\repository\io\grpc\grpc-api\1.21.0\grpc-api-1.21.0.jar;C:\Users\vtorresc\.m2\repository\org\codehaus\mojo\animal-sniffer-annotations\1.17\animal-sniffer-annotations-1.17.jar;C:\Users\vtorresc\.m2\repository\io\grpc\grpc-auth\1.21.0\grpc-auth-1.21.0.jar;C:\Users\vtorresc\.m2\repository\com\google\truth\truth\0.42\truth-0.42.jar;C:\Users\vtorresc\.m2\repository\org\checkerframework\checker-compat-qual\2.5.3\checker-compat-qual-2.5.3.jar;C:\Users\vtorresc\.m2\repository\org\checkerframework\checker-qual\2.5.3\checker-qual-2.5.3.jar;C:\Users\vtorresc\.m2\repository\junit\junit\4.12\junit-4.12.jar;C:\Users\vtorresc\.m2\repository\com\googlecode\java-diff-utils\diffutils\1.3.0\diffutils-1.3.0.jar;C:\Users\vtorresc\.m2\repository\com\google\auto\value\auto-value-annotations\1.6.2\auto-value-annotations-1.6.2.jar;C:\Users\vtorresc\.m2\repository\com\google\errorprone\error_prone_annotations\2.3.1\error_prone_annotations-2.3.1.jar;C:\Users\vtorresc\.m2\repository\org\apache\maven\maven-project\2.2.1\maven-project-2.2.1.jar;C:\Users\vtorresc\.m2\repository\org\apache\maven\maven-settings\2.2.1\maven-settings-2.2.1.jar;C:\Users\vtorresc\.m2\repository\org\apache\maven\maven-profile\2.2.1\maven-profile-2.2.1.jar;C:\Users\vtorresc\.m2\repository\org\apache\maven\maven-model\2.2.1\maven-model-2.2.1.jar;C:\Users\vtorresc\.m2\repository\org\apache\maven\maven-artifact-manager\2.2.1\maven-artifact-manager-2.2.1.jar;C:\Users\vtorresc\.m2\repository\org\apache\maven\maven-repository-metadata\2.2.1\maven-repository-metadata-2.2.1.jar;C:\Users\vtorresc\.m2\repository\org\apache\maven\wagon\wagon-provider-api\1.0-beta-6\wagon-provider-api-1.0-beta-6.jar;C:\Users\vtorresc\.m2\repository\backport-util-concurrent\backport-util-concurrent\3.1\backport-util-concurrent-3.1.jar;C:\Users\vtorresc\.m2\repository\org\apache\maven\maven-plugin-registry\2.2.1\maven-plugin-registry-2.2.1.jar;C:\Users\vtorresc\.m2\repository\org\codehaus\plexus\plexus-interpolation\1.11\plexus-interpolation-1.11.jar;C:\Users\vtorresc\.m2\repository\com\fasterxml\jackson\core\jackson-databind\2.9.10.3\jackson-databind-2.9.10.3.jar;C:\Users\vtorresc\.m2\repository\com\fasterxml\jackson\core\jackson-annotations\2.9.10\jackson-annotations-2.9.10.jar;C:\Users\vtorresc\.m2\repository\com\fasterxml\jackson\core\jackson-core\2.9.10\jackson-core-2.9.10.jar;C:\Users\vtorresc\.m2\repository\org\springframework\boot\spring-boot-starter-data-jpa\2.1.13.RELEASE\spring-boot-starter-data-jpa-2.1.13.RELEASE.jar;C:\Users\vtorresc\.m2\repository\org\springframework\boot\spring-boot-starter-aop\2.1.13.RELEASE\spring-boot-starter-aop-2.1.13.RELEASE.jar;C:\Users\vtorresc\.m2\repository\org\aspectj\aspectjweaver\1.9.5\aspectjweaver-1.9.5.jar;C:\Users\vtorresc\.m2\repository\javax\transaction\javax.transaction-api\1.3\javax.transaction-api-1.3.jar;C:\Users\vtorresc\.m2\repository\javax\xml\bind\jaxb-api\2.3.1\jaxb-api-2.3.1.jar;C:\Users\vtorresc\.m2\repository\javax\activation\javax.activation-api\1.2.0\javax.activation-api-1.2.0.jar;C:\Users\vtorresc\.m2\repository\org\hibernate\hibernate-core\5.3.15.Final\hibernate-core-5.3.15.Final.jar;C:\Users\vtorresc\.m2\repository\javax\persistence\javax.persistence-api\2.2\javax.persistence-api-2.2.jar;C:\Users\vtorresc\.m2\repository\org\javassist\javassist\3.23.2-GA\javassist-3.23.2-GA.jar;C:\Users\vtorresc\.m2\repository\antlr\antlr\2.7.7\antlr-2.7.7.jar;C:\Users\vtorresc\.m2\repository\org\jboss\jandex\2.0.5.Final\jandex-2.0.5.Final.jar;C:\Users\vtorresc\.m2\repository\org\dom4j\dom4j\2.1.1\dom4j-2.1.1.jar;C:\Users\vtorresc\.m2\repository\org\hibernate\common\hibernate-commons-annotations\5.0.4.Final\hibernate-commons-annotations-5.0.4.Final.jar;C:\Users\vtorresc\.m2\repository\org\glassfish\jaxb\jaxb-runtime\2.3.1\jaxb-runtime-2.3.1.jar;C:\Users\vtorresc\.m2\repository\org\glassfish\jaxb\txw2\2.3.1\txw2-2.3.1.jar;C:\Users\vtorresc\.m2\repository\com\sun\istack\istack-commons-runtime\3.0.7\istack-commons-runtime-3.0.7.jar;C:\Users\vtorresc\.m2\repository\org\jvnet\staxex\stax-ex\1.8\stax-ex-1.8.jar;C:\Users\vtorresc\.m2\repository\com\sun\xml\fastinfoset\FastInfoset\1.2.15\FastInfoset-1.2.15.jar;C:\Users\vtorresc\.m2\repository\org\springframework\data\spring-data-jpa\2.1.16.RELEASE\spring-data-jpa-2.1.16.RELEASE.jar;C:\Users\vtorresc\.m2\repository\org\springframework\data\spring-data-commons\2.1.16.RELEASE\spring-data-commons-2.1.16.RELEASE.jar;C:\Users\vtorresc\.m2\repository\org\springframework\spring-orm\5.1.14.RELEASE\spring-orm-5.1.14.RELEASE.jar;C:\Users\vtorresc\.m2\repository\org\springframework\spring-aspects\5.1.14.RELEASE\spring-aspects-5.1.14.RELEASE.jar;C:\Users\vtorresc\.m2\repository\org\projectlombok\lombok\1.18.12\lombok-1.18.12.jar;C:\Users\vtorresc\.m2\repository\org\owasp\esapi\esapi\2.2.0.0\esapi-2.2.0.0.jar;C:\Users\vtorresc\.m2\repository\com\io7m\xom\xom\1.2.10\xom-1.2.10.jar;C:\Users\vtorresc\.m2\repository\commons-configuration\commons-configuration\1.10\commons-configuration-1.10.jar;C:\Users\vtorresc\.m2\repository\org\apache\commons\commons-collections4\4.2\commons-collections4-4.2.jar;C:\Users\vtorresc\.m2\repository\org\owasp\antisamy\antisamy\1.5.8\antisamy-1.5.8.jar;C:\Users\vtorresc\.m2\repository\net\sourceforge\nekohtml\nekohtml\1.9.22\nekohtml-1.9.22.jar;C:\Users\vtorresc\.m2\repository\org\apache\httpcomponents\httpclient\4.5.11\httpclient-4.5.11.jar;C:\Users\vtorresc\.m2\repository\org\apache\httpcomponents\httpcore\4.4.13\httpcore-4.4.13.jar;C:\Users\vtorresc\.m2\repository\commons-codec\commons-codec\1.11\commons-codec-1.11.jar;C:\Users\vtorresc\.m2\repository\xerces\xercesImpl\2.12.0\xercesImpl-2.12.0.jar;C:\Users\vtorresc\.m2\repository\xml-apis\xml-apis\1.4.01\xml-apis-1.4.01.jar;"/>
    <property name="sun.cpu.endian" value="little"/>
    <property name="user.home" value="C:\Users\vtorresc"/>
    <property name="user.language" value="es"/>
    <property name="java.specification.vendor" value="Oracle Corporation"/>
    <property name="java.home" value="C:\Program Files\Java\jdk1.8.0_151\jre"/>
    <property name="basedir" value="C:\Users\vtorresc\Desktop\proyectos\GiDP\gidp-eva-infobip"/>
    <property name="file.separator" value="\"/>
    <property name="line.separator" value="&#10;"/>
    <property name="java.vm.specification.vendor" value="Oracle Corporation"/>
    <property name="java.specification.name" value="Java Platform API Specification"/>
    <property name="java.awt.graphicsenv" value="sun.awt.Win32GraphicsEnvironment"/>
    <property name="surefire.real.class.path" value="C:\Users\vtorresc\AppData\Local\Temp\surefire7558737127869790149\surefirebooter7128721550361143369.jar"/>
    <property name="sun.boot.class.path" value="C:\Program Files\Java\jdk1.8.0_151\jre\lib\resources.jar;C:\Program Files\Java\jdk1.8.0_151\jre\lib\rt.jar;C:\Program Files\Java\jdk1.8.0_151\jre\lib\sunrsasign.jar;C:\Program Files\Java\jdk1.8.0_151\jre\lib\jsse.jar;C:\Program Files\Java\jdk1.8.0_151\jre\lib\jce.jar;C:\Program Files\Java\jdk1.8.0_151\jre\lib\charsets.jar;C:\Program Files\Java\jdk1.8.0_151\jre\lib\jfr.jar;C:\Program Files\Java\jdk1.8.0_151\jre\classes"/>
    <property name="user.script" value=""/>
    <property name="sun.management.compiler" value="HotSpot 64-Bit Tiered Compilers"/>
    <property name="java.runtime.version" value="1.8.0_151-b12"/>
    <property name="user.name" value="vtorresc"/>
    <property name="path.separator" value=";"/>
    <property name="os.version" value="10.0"/>
    <property name="java.endorsed.dirs" value="C:\Program Files\Java\jdk1.8.0_151\jre\lib\endorsed"/>
    <property name="java.runtime.name" value="Java(TM) SE Runtime Environment"/>
    <property name="file.encoding" value="Cp1252"/>
    <property name="java.vm.name" value="Java HotSpot(TM) 64-Bit Server VM"/>
    <property name="localRepository" value="C:\Users\vtorresc\.m2\repository"/>
    <property name="java.vendor.url.bug" value="http://bugreport.sun.com/bugreport/"/>
    <property name="java.io.tmpdir" value="C:\Users\vtorresc\AppData\Local\Temp\"/>
    <property name="java.version" value="1.8.0_151"/>
    <property name="user.dir" value="C:\Users\vtorresc\Desktop\proyectos\GiDP\gidp-eva-infobip"/>
    <property name="os.arch" value="amd64"/>
    <property name="java.vm.specification.name" value="Java Virtual Machine Specification"/>
    <property name="java.awt.printerjob" value="sun.awt.windows.WPrinterJob"/>
    <property name="sun.os.patch.level" value=""/>
    <property name="java.library.path" value="C:\Program Files\Java\jdk1.8.0_151\jre\bin;C:\WINDOWS\Sun\Java\bin;C:\WINDOWS\system32;C:\WINDOWS;C:\Program Files (x86)\Microsoft SDKs\Azure\CLI2\wbin;C:\Program Files (x86)\Common Files\Oracle\Java\javapath;C:\Program Files\Java\jdk1.8.0_151\bin;C:\Program Files\Apache Software Foundation\apache-maven-3.5.4\bin;C:\Users\vtorresc\AppData\Local\Programs\Microsoft VS Code\bin;&quot;C:\Program Files (x86)\kubernetes\client\bin&quot;;C:\WINDOWS\system32;C:\WINDOWS;C:\WINDOWS\System32\Wbem;C:\WINDOWS\System32\WindowsPowerShell\v1.0\;C:\WINDOWS\System32\OpenSSH\;C:\Program Files (x86)\PuTTY\;C:\Program Files\PuTTY\;C:\Program Files\Git\cmd;C:\Program Files\nodejs\;C:\Program Files\Docker\Docker\resources\bin;C:\ProgramData\DockerDesktop\version-bin;C:\Users\vtorresc\Apps;C:\Program Files\Java\jdk1.8.0_151\bin;C:\Program Files\Apache Software Foundation\apache-maven-3.5.4\bin;C:\Users\vtorresc\AppData\Local\Programs\Microsoft VS Code\bin;C:\Users\vtorresc\AppData\Roaming\npm;C:\Users\vtorresc\AppData\Local\Microsoft\WindowsApps;C:\Users\vtorresc\AppData\Local\Google\Cloud SDK\google-cloud-sdk\bin;C:\Program Files\MongoDB\Server\4.4\bin;;."/>
    <property name="java.vm.info" value="mixed mode"/>
    <property name="java.vendor" value="Oracle Corporation"/>
    <property name="java.vm.version" value="25.151-b12"/>
    <property name="java.ext.dirs" value="C:\Program Files\Java\jdk1.8.0_151\jre\lib\ext;C:\WINDOWS\Sun\Java\lib\ext"/>
    <property name="sun.io.unicode.encoding" value="UnicodeLittle"/>
    <property name="java.class.version" value="52.0"/>
  </properties>
  <testcase name="main" classname="com.everis.eva.infobip.EvaInfobipApplicationTest" time="0.022"/>
  <testcase name="clearCacheTest" classname="com.everis.eva.infobip.service.cache.WhatsAppCacheTest" time="0.008"/>
  <testcase name="getUserKeystest" classname="com.everis.eva.infobip.service.cache.WhatsAppCacheTest" time="0"/>
  <testcase name="removeTest" classname="com.everis.eva.infobip.service.cache.WhatsAppCacheTest" time="0.015"/>
</testsuite>