<?xml version="1.0" encoding="UTF-8"?>
<!-- Generated by org.testng.reporters.JUnitReportReporter -->
<testsuite skipped="0" hostname="MAD-4MFFP32" name="com.everis.eva.infobip.service.cache.WhatsAppCacheTest" tests="3" failures="0" timestamp="06 abr 2021 10:07:20 GMT" time="2.002" errors="0">
  <testcase name="removeTest" time="0.001" classname="com.everis.eva.infobip.service.cache.WhatsAppCacheTest"/>
  <testcase name="clearCacheTest" time="1.993" classname="com.everis.eva.infobip.service.cache.WhatsAppCacheTest"/>
  <testcase name="getUserKeystest" time="0.008" classname="com.everis.eva.infobip.service.cache.WhatsAppCacheTest"/>
</testsuite> <!-- com.everis.eva.infobip.service.cache.WhatsAppCacheTest -->
