<?xml version="1.0" encoding="UTF-8"?>
<!-- Generated by org.testng.reporters.JUnitReportReporter -->
<testsuite skipped="0" hostname="MAD-4MFFP32" name="com.everis.eva.infobip.EvaInfobipApplicationTest" tests="1" failures="0" timestamp="06 abr 2021 10:07:20 GMT" time="0.023" errors="0">
  <testcase name="main" time="0.023" classname="com.everis.eva.infobip.EvaInfobipApplicationTest"/>
</testsuite> <!-- com.everis.eva.infobip.EvaInfobipApplicationTest -->
